This is pdfTeX, Version 3.14159265-2.6-1.40.17 (TeX Live 2016) (preloaded format=pdflatex 2016.5.22)  22 FEB 2017 16:21
entering extended mode
 \write18 enabled.
 file:line:error style messages enabled.
 %&-line parsing enabled.
**seed_color_manual_v01.tex
(./seed_color_manual_v01.tex
LaTeX2e <2016/03/31>
Babel <3.9r> and hyphenation patterns for 83 language(s) loaded.
(/usr/local/texlive/2016/texmf-dist/tex/latex/base/article.cls
Document Class: article 2014/09/29 v1.4h Standard LaTeX document class
(/usr/local/texlive/2016/texmf-dist/tex/latex/base/size12.clo
File: size12.clo 2014/09/29 v1.4h Standard LaTeX file (size option)
)
\c@part=\count79
\c@section=\count80
\c@subsection=\count81
\c@subsubsection=\count82
\c@paragraph=\count83
\c@subparagraph=\count84
\c@figure=\count85
\c@table=\count86
\abovecaptionskip=\skip41
\belowcaptionskip=\skip42
\bibindent=\dimen102
)
(/usr/local/texlive/2016/texmf-dist/tex/latex/psnfss/helvet.sty
Package: helvet 2005/04/12 PSNFSS-v9.2a (WaS) 

(/usr/local/texlive/2016/texmf-dist/tex/latex/graphics/keyval.sty
Package: keyval 2014/10/28 v1.15 key=value parser (DPC)
\KV@toks@=\toks14
))
(/usr/local/texlive/2016/texmf-dist/tex/latex/geometry/geometry.sty
Package: geometry 2010/09/12 v5.6 Page Geometry

(/usr/local/texlive/2016/texmf-dist/tex/generic/oberdiek/ifpdf.sty
Package: ifpdf 2016/05/14 v3.1 Provides the ifpdf switch
)
(/usr/local/texlive/2016/texmf-dist/tex/generic/oberdiek/ifvtex.sty
Package: ifvtex 2016/05/16 v1.6 Detect VTeX and its facilities (HO)
Package ifvtex Info: VTeX not detected.
)
(/usr/local/texlive/2016/texmf-dist/tex/generic/ifxetex/ifxetex.sty
Package: ifxetex 2010/09/12 v0.6 Provides ifxetex conditional
)
\Gm@cnth=\count87
\Gm@cntv=\count88
\c@Gm@tempcnt=\count89
\Gm@bindingoffset=\dimen103
\Gm@wd@mp=\dimen104
\Gm@odd@mp=\dimen105
\Gm@even@mp=\dimen106
\Gm@layoutwidth=\dimen107
\Gm@layoutheight=\dimen108
\Gm@layouthoffset=\dimen109
\Gm@layoutvoffset=\dimen110
\Gm@dimlist=\toks15
)
(/usr/local/texlive/2016/texmf-dist/tex/latex/fancyhdr/fancyhdr.sty
\fancy@headwidth=\skip43
\f@ncyO@elh=\skip44
\f@ncyO@erh=\skip45
\f@ncyO@olh=\skip46
\f@ncyO@orh=\skip47
\f@ncyO@elf=\skip48
\f@ncyO@erf=\skip49
\f@ncyO@olf=\skip50
\f@ncyO@orf=\skip51
)
(/usr/local/texlive/2016/texmf-dist/tex/latex/graphics/graphicx.sty
Package: graphicx 2014/10/28 v1.0g Enhanced LaTeX Graphics (DPC,SPQR)

(/usr/local/texlive/2016/texmf-dist/tex/latex/graphics/graphics.sty
Package: graphics 2016/05/09 v1.0r Standard LaTeX Graphics (DPC,SPQR)

(/usr/local/texlive/2016/texmf-dist/tex/latex/graphics/trig.sty
Package: trig 2016/01/03 v1.10 sin cos tan (DPC)
)
(/usr/local/texlive/2016/texmf-dist/tex/latex/graphics-cfg/graphics.cfg
File: graphics.cfg 2016/01/02 v1.10 sample graphics configuration
)
Package graphics Info: Driver file: pdftex.def on input line 96.

(/usr/local/texlive/2016/texmf-dist/tex/latex/pdftex-def/pdftex.def
File: pdftex.def 2011/05/27 v0.06d Graphics/color for pdfTeX

(/usr/local/texlive/2016/texmf-dist/tex/generic/oberdiek/infwarerr.sty
Package: infwarerr 2016/05/16 v1.4 Providing info/warning/error messages (HO)
)
(/usr/local/texlive/2016/texmf-dist/tex/generic/oberdiek/ltxcmds.sty
Package: ltxcmds 2016/05/16 v1.23 LaTeX kernel commands for general use (HO)
)
\Gread@gobject=\count90
))
\Gin@req@height=\dimen111
\Gin@req@width=\dimen112
)
(/usr/local/texlive/2016/texmf-dist/tex/latex/float/float.sty
Package: float 2001/11/08 v1.3d Float enhancements (AL)
\c@float@type=\count91
\float@exts=\toks16
\float@box=\box26
\@float@everytoks=\toks17
\@floatcapt=\box27
)
(/usr/local/texlive/2016/texmf-dist/tex/latex/hyperref/hyperref.sty
Package: hyperref 2016/05/05 v6.83n Hypertext links for LaTeX

(/usr/local/texlive/2016/texmf-dist/tex/generic/oberdiek/hobsub-hyperref.sty
Package: hobsub-hyperref 2016/05/16 v1.14 Bundle oberdiek, subset hyperref (HO)


(/usr/local/texlive/2016/texmf-dist/tex/generic/oberdiek/hobsub-generic.sty
Package: hobsub-generic 2016/05/16 v1.14 Bundle oberdiek, subset generic (HO)
Package: hobsub 2016/05/16 v1.14 Construct package bundles (HO)
Package hobsub Info: Skipping package `infwarerr' (already loaded).
Package hobsub Info: Skipping package `ltxcmds' (already loaded).
Package: ifluatex 2016/05/16 v1.4 Provides the ifluatex switch (HO)
Package ifluatex Info: LuaTeX not detected.
Package hobsub Info: Skipping package `ifvtex' (already loaded).
Package: intcalc 2016/05/16 v1.2 Expandable calculations with integers (HO)
Package hobsub Info: Skipping package `ifpdf' (already loaded).
Package: etexcmds 2016/05/16 v1.6 Avoid name clashes with e-TeX commands (HO)
Package etexcmds Info: Could not find \expanded.
(etexcmds)             That can mean that you are not using pdfTeX 1.50 or
(etexcmds)             that some package has redefined \expanded.
(etexcmds)             In the latter case, load this package earlier.
Package: kvsetkeys 2016/05/16 v1.17 Key value parser (HO)
Package: kvdefinekeys 2016/05/16 v1.4 Define keys (HO)
Package: pdftexcmds 2016/05/10 v0.21 Utility functions of pdfTeX for LuaTeX (HO
)
Package pdftexcmds Info: LuaTeX not detected.
Package pdftexcmds Info: \pdf@primitive is available.
Package pdftexcmds Info: \pdf@ifprimitive is available.
Package pdftexcmds Info: \pdfdraftmode found.
Package: pdfescape 2016/05/16 v1.14 Implements pdfTeX's escape features (HO)
Package: bigintcalc 2016/05/16 v1.4 Expandable calculations on big integers (HO
)
Package: bitset 2016/05/16 v1.2 Handle bit-vector datatype (HO)
Package: uniquecounter 2016/05/16 v1.3 Provide unlimited unique counter (HO)
)
Package hobsub Info: Skipping package `hobsub' (already loaded).
Package: letltxmacro 2016/05/16 v1.5 Let assignment for LaTeX macros (HO)
Package: hopatch 2016/05/16 v1.3 Wrapper for package hooks (HO)
Package: xcolor-patch 2016/05/16 xcolor patch
Package: atveryend 2016/05/16 v1.9 Hooks at the very end of document (HO)
Package atveryend Info: \enddocument detected (standard20110627).
Package: atbegshi 2016/05/16 v1.17 At begin shipout hook (HO)
Package: refcount 2016/05/16 v3.5 Data extraction from label references (HO)
Package: hycolor 2016/05/16 v1.8 Color options for hyperref/bookmark (HO)
)
(/usr/local/texlive/2016/texmf-dist/tex/latex/oberdiek/auxhook.sty
Package: auxhook 2016/05/16 v1.4 Hooks for auxiliary files (HO)
)
(/usr/local/texlive/2016/texmf-dist/tex/latex/oberdiek/kvoptions.sty
Package: kvoptions 2016/05/16 v3.12 Key value format for package options (HO)
)
\@linkdim=\dimen113
\Hy@linkcounter=\count92
\Hy@pagecounter=\count93

(/usr/local/texlive/2016/texmf-dist/tex/latex/hyperref/pd1enc.def
File: pd1enc.def 2016/05/05 v6.83n Hyperref: PDFDocEncoding definition (HO)
)
\Hy@SavedSpaceFactor=\count94

(/usr/local/texlive/2016/texmf-dist/tex/latex/latexconfig/hyperref.cfg
File: hyperref.cfg 2002/06/06 v1.2 hyperref configuration of TeXLive
)
Package hyperref Info: Hyper figures OFF on input line 4446.
Package hyperref Info: Link nesting OFF on input line 4451.
Package hyperref Info: Hyper index ON on input line 4454.
Package hyperref Info: Plain pages OFF on input line 4461.
Package hyperref Info: Backreferencing OFF on input line 4466.
Package hyperref Info: Implicit mode ON; LaTeX internals redefined.
Package hyperref Info: Bookmarks ON on input line 4691.
\c@Hy@tempcnt=\count95

(/usr/local/texlive/2016/texmf-dist/tex/latex/url/url.sty
\Urlmuskip=\muskip10
Package: url 2013/09/16  ver 3.4  Verb mode for urls, etc.
)
LaTeX Info: Redefining \url on input line 5044.
\XeTeXLinkMargin=\dimen114
\Fld@menulength=\count96
\Field@Width=\dimen115
\Fld@charsize=\dimen116
Package hyperref Info: Hyper figures OFF on input line 6298.
Package hyperref Info: Link nesting OFF on input line 6303.
Package hyperref Info: Hyper index ON on input line 6306.
Package hyperref Info: backreferencing OFF on input line 6313.
Package hyperref Info: Link coloring OFF on input line 6318.
Package hyperref Info: Link coloring with OCG OFF on input line 6323.
Package hyperref Info: PDF/A mode OFF on input line 6328.
LaTeX Info: Redefining \ref on input line 6368.
LaTeX Info: Redefining \pageref on input line 6372.
\Hy@abspage=\count97
\c@Item=\count98
\c@Hfootnote=\count99
)

Package hyperref Message: Driver (autodetected): hpdftex.

(/usr/local/texlive/2016/texmf-dist/tex/latex/hyperref/hpdftex.def
File: hpdftex.def 2016/05/05 v6.83n Hyperref driver for pdfTeX
\Fld@listcount=\count100
\c@bookmark@seq@number=\count101

(/usr/local/texlive/2016/texmf-dist/tex/latex/oberdiek/rerunfilecheck.sty
Package: rerunfilecheck 2016/05/16 v1.8 Rerun checks for auxiliary files (HO)
Package uniquecounter Info: New unique counter `rerunfilecheck' on input line 2
82.
)
\Hy@SectionHShift=\skip52
)
(/usr/local/texlive/2016/texmf-dist/tex/latex/listings/listings.sty
\lst@mode=\count102
\lst@gtempboxa=\box28
\lst@token=\toks18
\lst@length=\count103
\lst@currlwidth=\dimen117
\lst@column=\count104
\lst@pos=\count105
\lst@lostspace=\dimen118
\lst@width=\dimen119
\lst@newlines=\count106
\lst@lineno=\count107
\lst@maxwidth=\dimen120

(/usr/local/texlive/2016/texmf-dist/tex/latex/listings/lstmisc.sty
File: lstmisc.sty 2015/06/04 1.6 (Carsten Heinz)
\c@lstnumber=\count108
\lst@skipnumbers=\count109
\lst@framebox=\box29
)
(/usr/local/texlive/2016/texmf-dist/tex/latex/listings/listings.cfg
File: listings.cfg 2015/06/04 1.6 listings configuration
))
Package: listings 2015/06/04 1.6 (Carsten Heinz)

(/usr/local/texlive/2016/texmf-dist/tex/latex/graphics/color.sty
Package: color 2016/05/09 v1.1c Standard LaTeX Color (DPC)

(/usr/local/texlive/2016/texmf-dist/tex/latex/graphics-cfg/color.cfg
File: color.cfg 2016/01/02 v1.6 sample color configuration
)
Package color Info: Driver file: pdftex.def on input line 144.
)
(/usr/local/texlive/2016/texmf-dist/tex/latex/base/makeidx.sty
Package: makeidx 2014/09/29 v1.0m Standard LaTeX package
)
(/usr/local/texlive/2016/texmf-dist/tex/latex/natbib/natbib.sty
Package: natbib 2010/09/13 8.31b (PWD, AO)
\bibhang=\skip53
\bibsep=\skip54
LaTeX Info: Redefining \cite on input line 694.
\c@NAT@ctr=\count110
)
(/usr/local/texlive/2016/texmf-dist/tex/latex/tools/verbatim.sty
Package: verbatim 2014/10/28 v1.5q LaTeX2e package for verbatim enhancements
\every@verbatim=\toks19
\verbatim@line=\toks20
\verbatim@in@stream=\read1
)
(/usr/local/texlive/2016/texmf-dist/tex/latex/fancyvrb/fancyvrb.sty
Package: fancyvrb 2008/02/07

Style option: `fancyvrb' v2.7a, with DG/SPQR fixes, and firstline=lastline fix 
<2008/02/07> (tvz)
\FV@CodeLineNo=\count111
\FV@InFile=\read2
\FV@TabBox=\box30
\c@FancyVerbLine=\count112
\FV@StepNumber=\count113
\FV@OutFile=\write3
)
(/usr/local/texlive/2016/texmf-dist/tex/latex/xcolor/xcolor.sty
Package: xcolor 2016/05/11 v2.12 LaTeX color extensions (UK)

(/usr/local/texlive/2016/texmf-dist/tex/latex/graphics-cfg/color.cfg
File: color.cfg 2016/01/02 v1.6 sample color configuration
)
Package xcolor Info: Driver file: pdftex.def on input line 225.
LaTeX Info: Redefining \color on input line 709.
Package xcolor Info: Model `cmy' substituted by `cmy0' on input line 1348.
Package xcolor Info: Model `hsb' substituted by `rgb' on input line 1352.
Package xcolor Info: Model `RGB' extended on input line 1364.
Package xcolor Info: Model `HTML' substituted by `rgb' on input line 1366.
Package xcolor Info: Model `Hsb' substituted by `hsb' on input line 1367.
Package xcolor Info: Model `tHsb' substituted by `hsb' on input line 1368.
Package xcolor Info: Model `HSB' substituted by `hsb' on input line 1369.
Package xcolor Info: Model `Gray' substituted by `gray' on input line 1370.
Package xcolor Info: Model `wave' substituted by `hsb' on input line 1371.
)
(/usr/local/texlive/2016/texmf-dist/tex/latex/caption/caption.sty
Package: caption 2016/02/21 v3.3-144 Customizing captions (AR)

(/usr/local/texlive/2016/texmf-dist/tex/latex/caption/caption3.sty
Package: caption3 2016/02/04 v1.7-139 caption3 kernel (AR)
Package caption3 Info: TeX engine: e-TeX on input line 67.
\captionmargin=\dimen121
\captionmargin@=\dimen122
\captionwidth=\dimen123
\caption@tempdima=\dimen124
\caption@indent=\dimen125
\caption@parindent=\dimen126
\caption@hangindent=\dimen127
)
\c@ContinuedFloat=\count114
Package caption Info: float package is loaded.
Package caption Info: hyperref package is loaded.
Package caption Info: listings package is loaded.
)
(/usr/local/texlive/2016/texmf-dist/tex/latex/caption/subcaption.sty
Package: subcaption 2016/02/20 v1.1-142 Sub-captions (AR)
\c@subfigure=\count115
\c@subtable=\count116
)
(/usr/local/texlive/2016/texmf-dist/tex/latex/filecontents/filecontents.sty
Package: filecontents 2011/10/08 v1.3 Create an external file from within a LaT
eX document
)
(/usr/local/texlive/2016/texmf-dist/tex/latex/tocbibind/tocbibind.sty
Package: tocbibind 2010/10/13 v1.5k extra ToC listings
Package tocbibind Info: The document has section divisions on input line 50.


Package tocbibind Note: Using section or other style headings.

)
\@indexfile=\write4
\openout4 = `seed_color_manual_v01.idx'.


Writing index file seed_color_manual_v01.idx
(./seed_color_manual_v01.aux

LaTeX Warning: Label `fig:open_imagej_script_3' multiply defined.


LaTeX Warning: Label `fig:open_imagej_script_3' multiply defined.


LaTeX Warning: Label `fig:imagej_change_file_directory' multiply defined.

)
\openout1 = `seed_color_manual_v01.aux'.

LaTeX Font Info:    Checking defaults for OML/cmm/m/it on input line 44.
LaTeX Font Info:    ... okay on input line 44.
LaTeX Font Info:    Checking defaults for T1/cmr/m/n on input line 44.
LaTeX Font Info:    ... okay on input line 44.
LaTeX Font Info:    Checking defaults for OT1/cmr/m/n on input line 44.
LaTeX Font Info:    ... okay on input line 44.
LaTeX Font Info:    Checking defaults for OMS/cmsy/m/n on input line 44.
LaTeX Font Info:    ... okay on input line 44.
LaTeX Font Info:    Checking defaults for OMX/cmex/m/n on input line 44.
LaTeX Font Info:    ... okay on input line 44.
LaTeX Font Info:    Checking defaults for U/cmr/m/n on input line 44.
LaTeX Font Info:    ... okay on input line 44.
LaTeX Font Info:    Checking defaults for PD1/pdf/m/n on input line 44.
LaTeX Font Info:    ... okay on input line 44.

*geometry* driver: auto-detecting
*geometry* detected driver: pdftex
*geometry* verbose mode - [ preamble ] result:
* driver: pdftex
* paper: <default>
* layout: <same size as paper>
* layoutoffset:(h,v)=(0.0pt,0.0pt)
* modes: 
* h-part:(L,W,R)=(42.67912pt, 528.93675pt, 42.67912pt)
* v-part:(T,H,B)=(65.44142pt, 661.24213pt, 68.28644pt)
* \paperwidth=614.295pt
* \paperheight=794.96999pt
* \textwidth=528.93675pt
* \textheight=661.24213pt
* \oddsidemargin=-29.59087pt
* \evensidemargin=-29.59087pt
* \topmargin=-43.82857pt
* \headheight=12.0pt
* \headsep=25.0pt
* \topskip=12.0pt
* \footskip=30.0pt
* \marginparwidth=44.0pt
* \marginparsep=10.0pt
* \columnsep=10.0pt
* \skip\footins=10.8pt plus 4.0pt minus 2.0pt
* \hoffset=0.0pt
* \voffset=0.0pt
* \mag=1000
* \@twocolumnfalse
* \@twosidefalse
* \@mparswitchfalse
* \@reversemarginfalse
* (1in=72.27pt=25.4mm, 1cm=28.453pt)

(/usr/local/texlive/2016/texmf-dist/tex/context/base/mkii/supp-pdf.mkii
[Loading MPS to PDF converter (version 2006.09.02).]
\scratchcounter=\count117
\scratchdimen=\dimen128
\scratchbox=\box31
\nofMPsegments=\count118
\nofMParguments=\count119
\everyMPshowfont=\toks21
\MPscratchCnt=\count120
\MPscratchDim=\dimen129
\MPnumerator=\count121
\makeMPintoPDFobject=\count122
\everyMPtoPDFconversion=\toks22
) (/usr/local/texlive/2016/texmf-dist/tex/latex/oberdiek/epstopdf-base.sty
Package: epstopdf-base 2016/05/15 v2.6 Base part for package epstopdf

(/usr/local/texlive/2016/texmf-dist/tex/latex/oberdiek/grfext.sty
Package: grfext 2016/05/16 v1.2 Manage graphics extensions (HO)
)
Package grfext Info: Graphics extension search list:
(grfext)             [.png,.pdf,.jpg,.mps,.jpeg,.jbig2,.jb2,.PNG,.PDF,.JPG,.JPE
G,.JBIG2,.JB2,.eps]
(grfext)             \AppendGraphicsExtensions on input line 456.

(/usr/local/texlive/2016/texmf-dist/tex/latex/latexconfig/epstopdf-sys.cfg
File: epstopdf-sys.cfg 2010/07/13 v1.3 Configuration of (r)epstopdf for TeX Liv
e
))
\AtBeginShipoutBox=\box32
Package hyperref Info: Link coloring OFF on input line 44.

(/usr/local/texlive/2016/texmf-dist/tex/latex/hyperref/nameref.sty
Package: nameref 2012/10/27 v2.43 Cross-referencing by name of section

(/usr/local/texlive/2016/texmf-dist/tex/generic/oberdiek/gettitlestring.sty
Package: gettitlestring 2016/05/16 v1.5 Cleanup title references (HO)
)
\c@section@level=\count123
)
LaTeX Info: Redefining \ref on input line 44.
LaTeX Info: Redefining \pageref on input line 44.
LaTeX Info: Redefining \nameref on input line 44.

(./seed_color_manual_v01.out) (./seed_color_manual_v01.out)
\@outlinefile=\write5
\openout5 = `seed_color_manual_v01.out'.

\c@lstlisting=\count124
Package caption Info: Begin \AtBeginDocument code.
Package caption Info: End \AtBeginDocument code.
 [1

{/usr/local/texlive/2016/texmf-var/fonts/map/pdftex/updmap/pdftex.map}]
(./seed_color_manual_v01.toc
LaTeX Font Info:    External font `cmex10' loaded for size
(Font)              <12> on input line 3.
LaTeX Font Info:    External font `cmex10' loaded for size
(Font)              <8> on input line 3.
LaTeX Font Info:    External font `cmex10' loaded for size
(Font)              <6> on input line 3.
)
\tf@toc=\write6
\openout6 = `seed_color_manual_v01.toc'.

pdfTeX warning (ext4): destination with the same identifier (name{page.1}) has 
been already used, duplicate ignored
<to be read again> 
                   \relax 
l.67 \cleardoublepage
                      [1]
Overfull \hbox (3.937pt too wide) in paragraph at lines 86--87
\OT1/cmr/m/n/12 All the ma-te-ri-als used in this tu-to-rial can be found at []
$\OT1/cmtt/m/n/12 https : / / github . com / mcnis003 / image-[]analysis /
 []


Underfull \hbox (badness 10000) in paragraph at lines 86--87

 []


Underfull \hbox (badness 10000) in paragraph at lines 88--89

 []


</Users/ianmcnish/Documents/imageanalysis/seed_color_scripts/manual/github_web_
download_1.png, id=142, 1002.74625pt x 537.00626pt>
File: /Users/ianmcnish/Documents/imageanalysis/seed_color_scripts/manual/github
_web_download_1.png Graphic file (type png)

<use /Users/ianmcnish/Documents/imageanalysis/seed_color_scripts/manual/github_
web_download_1.png>
Package pdftex.def Info: /Users/ianmcnish/Documents/imageanalysis/seed_color_sc
ripts/manual/github_web_download_1.png used on input line 92.
(pdftex.def)             Requested size: 425.03693pt x 227.62204pt.

</Users/ianmcnish/Documents/imageanalysis/seed_color_scripts/manual/github_web_
download_2.png, id=144, 1008.76875pt x 534.99875pt>
File: /Users/ianmcnish/Documents/imageanalysis/seed_color_scripts/manual/github
_web_download_2.png Graphic file (type png)

<use /Users/ianmcnish/Documents/imageanalysis/seed_color_scripts/manual/github_
web_download_2.png>
Package pdftex.def Info: /Users/ianmcnish/Documents/imageanalysis/seed_color_sc
ripts/manual/github_web_download_2.png used on input line 100.
(pdftex.def)             Requested size: 429.19052pt x 227.62204pt.


Package Fancyhdr Warning: \headheight is too small (12.0pt): 
 Make it at least 14.49998pt.
 We now make it that large for the rest of the document.
 This may cause the page layout to be inconsistent, however.

pdfTeX warning (ext4): destination with the same identifier (name{page.1}) has 
been already used, duplicate ignored
<to be read again> 
                   \relax 
l.103 
       [1

 </Users/ianmcnish/Documents/imageanalysis/seed_color_scripts/manual/github_web
_download_1.png>]
Underfull \hbox (badness 10000) in paragraph at lines 104--105

 []


</Users/ianmcnish/Documents/imageanalysis/seed_color_scripts/manual/github_term
inal_download_1.png, id=155, 684.5575pt x 479.7925pt>
File: /Users/ianmcnish/Documents/imageanalysis/seed_color_scripts/manual/github
_terminal_download_1.png Graphic file (type png)

<use /Users/ianmcnish/Documents/imageanalysis/seed_color_scripts/manual/github_
terminal_download_1.png>
Package pdftex.def Info: /Users/ianmcnish/Documents/imageanalysis/seed_color_sc
ripts/manual/github_terminal_download_1.png used on input line 112.
(pdftex.def)             Requested size: 324.77126pt x 227.62204pt.
 [2 </Users/ianmcnish/Documents/imageanalysis/seed_color_scripts/manual/github_
web_download_2.png> </Users/ianmcnish/Documents/imageanalysis/seed_color_script
s/manual/github_terminal_download_1.png>]
Underfull \hbox (badness 10000) in paragraph at lines 123--124

 []


</Users/ianmcnish/Documents/imageanalysis/seed_color_scripts/manual/ellipse_spl
it_download_1.png, id=168, 863.225pt x 558.085pt>
File: /Users/ianmcnish/Documents/imageanalysis/seed_color_scripts/manual/ellips
e_split_download_1.png Graphic file (type png)

<use /Users/ianmcnish/Documents/imageanalysis/seed_color_scripts/manual/ellipse
_split_download_1.png>
Package pdftex.def Info: /Users/ianmcnish/Documents/imageanalysis/seed_color_sc
ripts/manual/ellipse_split_download_1.png used on input line 127.
(pdftex.def)             Requested size: 352.0805pt x 227.62204pt.

Underfull \hbox (badness 10000) in paragraph at lines 131--132

 []


</Users/ianmcnish/Documents/imageanalysis/seed_color_scripts/manual/ellipse_spl
it_download_2.png, id=169, 1734.48pt x 1292.83pt>
File: /Users/ianmcnish/Documents/imageanalysis/seed_color_scripts/manual/ellips
e_split_download_2.png Graphic file (type png)

<use /Users/ianmcnish/Documents/imageanalysis/seed_color_scripts/manual/ellipse
_split_download_2.png>
Package pdftex.def Info: /Users/ianmcnish/Documents/imageanalysis/seed_color_sc
ripts/manual/ellipse_split_download_2.png used on input line 135.
(pdftex.def)             Requested size: 305.3647pt x 227.62204pt.

Underfull \hbox (badness 10000) in paragraph at lines 139--140

 []


</Users/ianmcnish/Documents/imageanalysis/seed_color_scripts/manual/ellipse_spl
it_download_3.png, id=170, 1734.48pt x 1292.83pt>
File: /Users/ianmcnish/Documents/imageanalysis/seed_color_scripts/manual/ellips
e_split_download_3.png Graphic file (type png)

<use /Users/ianmcnish/Documents/imageanalysis/seed_color_scripts/manual/ellipse
_split_download_3.png>
Package pdftex.def Info: /Users/ianmcnish/Documents/imageanalysis/seed_color_sc
ripts/manual/ellipse_split_download_3.png used on input line 143.
(pdftex.def)             Requested size: 305.3647pt x 227.62204pt.
 [3 </Users/ianmcnish/Documents/imageanalysis/seed_color_scripts/manual/ellipse
_split_download_1.png> </Users/ianmcnish/Documents/imageanalysis/seed_color_scr
ipts/manual/ellipse_split_download_2.png>]
Underfull \hbox (badness 10000) in paragraph at lines 151--152

 []


Underfull \hbox (badness 10000) in paragraph at lines 155--156

 []


</Users/ianmcnish/Documents/imageanalysis/seed_color_scripts/manual/open_imagej
_script_1.png, id=181, 630.355pt x 430.60875pt>
File: /Users/ianmcnish/Documents/imageanalysis/seed_color_scripts/manual/open_i
magej_script_1.png Graphic file (type png)

<use /Users/ianmcnish/Documents/imageanalysis/seed_color_scripts/manual/open_im
agej_script_1.png>
Package pdftex.def Info: /Users/ianmcnish/Documents/imageanalysis/seed_color_sc
ripts/manual/open_imagej_script_1.png used on input line 159.
(pdftex.def)             Requested size: 333.21127pt x 227.62204pt.

Underfull \hbox (badness 10000) in paragraph at lines 163--164

 []


</Users/ianmcnish/Documents/imageanalysis/seed_color_scripts/manual/open_imagej
_script_2.png, id=182, 1654.18pt x 1146.2825pt>
File: /Users/ianmcnish/Documents/imageanalysis/seed_color_scripts/manual/open_i
magej_script_2.png Graphic file (type png)

<use /Users/ianmcnish/Documents/imageanalysis/seed_color_scripts/manual/open_im
agej_script_2.png>
Package pdftex.def Info: /Users/ianmcnish/Documents/imageanalysis/seed_color_sc
ripts/manual/open_imagej_script_2.png used on input line 167.
(pdftex.def)             Requested size: 328.4575pt x 227.62204pt.
 [4 </Users/ianmcnish/Documents/imageanalysis/seed_color_scripts/manual/ellipse
_split_download_3.png> </Users/ianmcnish/Documents/imageanalysis/seed_color_scr
ipts/manual/open_imagej_script_1.png>]
Underfull \hbox (badness 10000) in paragraph at lines 171--172

 []


</Users/ianmcnish/Documents/imageanalysis/seed_color_scripts/manual/open_imagej
_script_3.png, id=193, 1830.84pt x 1429.34pt>
File: /Users/ianmcnish/Documents/imageanalysis/seed_color_scripts/manual/open_i
magej_script_3.png Graphic file (type png)

<use /Users/ianmcnish/Documents/imageanalysis/seed_color_scripts/manual/open_im
agej_script_3.png>
Package pdftex.def Info: /Users/ianmcnish/Documents/imageanalysis/seed_color_sc
ripts/manual/open_imagej_script_3.png used on input line 175.
(pdftex.def)             Requested size: 291.54356pt x 227.62204pt.

Underfull \hbox (badness 10000) in paragraph at lines 179--180

 []


</Users/ianmcnish/Documents/imageanalysis/seed_color_scripts/manual/open_imagej
_script_4.png, id=194, 1284.8pt x 803.0pt>
File: /Users/ianmcnish/Documents/imageanalysis/seed_color_scripts/manual/open_i
magej_script_4.png Graphic file (type png)

<use /Users/ianmcnish/Documents/imageanalysis/seed_color_scripts/manual/open_im
agej_script_4.png>
Package pdftex.def Info: /Users/ianmcnish/Documents/imageanalysis/seed_color_sc
ripts/manual/open_imagej_script_4.png used on input line 183.
(pdftex.def)             Requested size: 364.19176pt x 227.62204pt.
 [5 </Users/ianmcnish/Documents/imageanalysis/seed_color_scripts/manual/open_im
agej_script_2.png> </Users/ianmcnish/Documents/imageanalysis/seed_color_scripts
/manual/open_imagej_script_3.png>]
Underfull \hbox (badness 10000) in paragraph at lines 191--192

 []


Underfull \hbox (badness 10000) in paragraph at lines 195--196

 []


</Users/ianmcnish/Documents/imageanalysis/seed_color_scripts/manual/imagej_clea
nup_mode.png, id=207, 1969.3575pt x 1443.3925pt>
File: /Users/ianmcnish/Documents/imageanalysis/seed_color_scripts/manual/imagej
_cleanup_mode.png Graphic file (type png)

<use /Users/ianmcnish/Documents/imageanalysis/seed_color_scripts/manual/imagej_
cleanup_mode.png>
Package pdftex.def Info: /Users/ianmcnish/Documents/imageanalysis/seed_color_sc
ripts/manual/imagej_cleanup_mode.png used on input line 199.
(pdftex.def)             Requested size: 310.5661pt x 227.62204pt.
 [6 </Users/ianmcnish/Documents/imageanalysis/seed_color_scripts/manual/open_im
agej_script_4.png>]
Underfull \hbox (badness 10000) in paragraph at lines 205--206

 []


</Users/ianmcnish/Documents/imageanalysis/seed_color_scripts/manual/imagej_chan
ge_file_directory.png, id=214, 1969.3575pt x 1443.3925pt>
File: /Users/ianmcnish/Documents/imageanalysis/seed_color_scripts/manual/imagej
_change_file_directory.png Graphic file (type png)

<use /Users/ianmcnish/Documents/imageanalysis/seed_color_scripts/manual/imagej_
change_file_directory.png>
Package pdftex.def Info: /Users/ianmcnish/Documents/imageanalysis/seed_color_sc
ripts/manual/imagej_change_file_directory.png used on input line 209.
(pdftex.def)             Requested size: 310.5661pt x 227.62204pt.

Underfull \hbox (badness 10000) in paragraph at lines 215--216

 []


</Users/ianmcnish/Documents/imageanalysis/seed_color_scripts/manual/imagej_cont
rol_patch_coords.png, id=215, 1969.3575pt x 1443.3925pt>
File: /Users/ianmcnish/Documents/imageanalysis/seed_color_scripts/manual/imagej
_control_patch_coords.png Graphic file (type png)

<use /Users/ianmcnish/Documents/imageanalysis/seed_color_scripts/manual/imagej_
control_patch_coords.png>
Package pdftex.def Info: /Users/ianmcnish/Documents/imageanalysis/seed_color_sc
ripts/manual/imagej_control_patch_coords.png used on input line 219.
(pdftex.def)             Requested size: 310.5661pt x 227.62204pt.
 [7 </Users/ianmcnish/Documents/imageanalysis/seed_color_scripts/manual/imagej_
cleanup_mode.png> </Users/ianmcnish/Documents/imageanalysis/seed_color_scripts/
manual/imagej_change_file_directory.png>]
Underfull \hbox (badness 10000) in paragraph at lines 225--226

 []


</Users/ianmcnish/Documents/imageanalysis/seed_color_scripts/manual/imagej_seed
_coords.png, id=224, 1969.3575pt x 1443.3925pt>
File: /Users/ianmcnish/Documents/imageanalysis/seed_color_scripts/manual/imagej
_seed_coords.png Graphic file (type png)

<use /Users/ianmcnish/Documents/imageanalysis/seed_color_scripts/manual/imagej_
seed_coords.png>
Package pdftex.def Info: /Users/ianmcnish/Documents/imageanalysis/seed_color_sc
ripts/manual/imagej_seed_coords.png used on input line 229.
(pdftex.def)             Requested size: 310.5661pt x 227.62204pt.

Underfull \hbox (badness 10000) in paragraph at lines 235--236

 []


</Users/ianmcnish/Documents/imageanalysis/seed_color_scripts/manual/imagej_cont
rol_patch_parameters.png, id=225, 1969.3575pt x 1443.3925pt>
File: /Users/ianmcnish/Documents/imageanalysis/seed_color_scripts/manual/imagej
_control_patch_parameters.png Graphic file (type png)

<use /Users/ianmcnish/Documents/imageanalysis/seed_color_scripts/manual/imagej_
control_patch_parameters.png>
Package pdftex.def Info: /Users/ianmcnish/Documents/imageanalysis/seed_color_sc
ripts/manual/imagej_control_patch_parameters.png used on input line 239.
(pdftex.def)             Requested size: 310.5661pt x 227.62204pt.
 [8 </Users/ianmcnish/Documents/imageanalysis/seed_color_scripts/manual/imagej_
control_patch_coords.png> </Users/ianmcnish/Documents/imageanalysis/seed_color_
scripts/manual/imagej_seed_coords.png>]
Underfull \hbox (badness 10000) in paragraph at lines 245--246

 []


</Users/ianmcnish/Documents/imageanalysis/seed_color_scripts/manual/imagej_phot
o_file_type.png, id=234, 1969.3575pt x 1443.3925pt>
File: /Users/ianmcnish/Documents/imageanalysis/seed_color_scripts/manual/imagej
_photo_file_type.png Graphic file (type png)

<use /Users/ianmcnish/Documents/imageanalysis/seed_color_scripts/manual/imagej_
photo_file_type.png>
Package pdftex.def Info: /Users/ianmcnish/Documents/imageanalysis/seed_color_sc
ripts/manual/imagej_photo_file_type.png used on input line 249.
(pdftex.def)             Requested size: 310.5661pt x 227.62204pt.

Underfull \hbox (badness 10000) in paragraph at lines 255--256

 []

[9 </Users/ianmcnish/Documents/imageanalysis/seed_color_scripts/manual/imagej_c
ontrol_patch_parameters.png> </Users/ianmcnish/Documents/imageanalysis/seed_col
or_scripts/manual/imagej_photo_file_type.png>]
</Users/ianmcnish/Documents/imageanalysis/seed_color_scripts/manual/imagej_run_
script.png, id=243, 1969.3575pt x 1443.3925pt>
File: /Users/ianmcnish/Documents/imageanalysis/seed_color_scripts/manual/imagej
_run_script.png Graphic file (type png)

<use /Users/ianmcnish/Documents/imageanalysis/seed_color_scripts/manual/imagej_
run_script.png>
Package pdftex.def Info: /Users/ianmcnish/Documents/imageanalysis/seed_color_sc
ripts/manual/imagej_run_script.png used on input line 259.
(pdftex.def)             Requested size: 310.5661pt x 227.62204pt.

</Users/ianmcnish/Documents/imageanalysis/seed_color_scripts/manual/r_set_worki
ng_directory.png, id=244, 1018.80624pt x 645.41125pt>
File: /Users/ianmcnish/Documents/imageanalysis/seed_color_scripts/manual/r_set_
working_directory.png Graphic file (type png)

<use /Users/ianmcnish/Documents/imageanalysis/seed_color_scripts/manual/r_set_w
orking_directory.png>
Package pdftex.def Info: /Users/ianmcnish/Documents/imageanalysis/seed_color_sc
ripts/manual/r_set_working_directory.png used on input line 267.
(pdftex.def)             Requested size: 359.30803pt x 227.62204pt.
 [10 </Users/ianmcnish/Documents/imageanalysis/seed_color_scripts/manual/imagej
_run_script.png> </Users/ianmcnish/Documents/imageanalysis/seed_color_scripts/m
anual/r_set_working_directory.png>]
Underfull \hbox (badness 10000) in paragraph at lines 283--284

 []


</Users/ianmcnish/Documents/imageanalysis/seed_color_scripts/manual/imagej_open
_image.png, id=253, 1284.8pt x 803.0pt>
File: /Users/ianmcnish/Documents/imageanalysis/seed_color_scripts/manual/imagej
_open_image.png Graphic file (type png)

<use /Users/ianmcnish/Documents/imageanalysis/seed_color_scripts/manual/imagej_
open_image.png>
Package pdftex.def Info: /Users/ianmcnish/Documents/imageanalysis/seed_color_sc
ripts/manual/imagej_open_image.png used on input line 287.
(pdftex.def)             Requested size: 364.19176pt x 227.62204pt.

Underfull \hbox (badness 10000) in paragraph at lines 291--292

 []


</Users/ianmcnish/Documents/imageanalysis/seed_color_scripts/manual/imagej_spli
t_channels.png, id=254, 1284.8pt x 803.0pt>
File: /Users/ianmcnish/Documents/imageanalysis/seed_color_scripts/manual/imagej
_split_channels.png Graphic file (type png)

<use /Users/ianmcnish/Documents/imageanalysis/seed_color_scripts/manual/imagej_
split_channels.png>
Package pdftex.def Info: /Users/ianmcnish/Documents/imageanalysis/seed_color_sc
ripts/manual/imagej_split_channels.png used on input line 295.
(pdftex.def)             Requested size: 364.19176pt x 227.62204pt.

Underfull \hbox (badness 10000) in paragraph at lines 299--300

 []

[11 </Users/ianmcnish/Documents/imageanalysis/seed_color_scripts/manual/imagej_
open_image.png> </Users/ianmcnish/Documents/imageanalysis/seed_color_scripts/ma
nual/imagej_split_channels.png>]
</Users/ianmcnish/Documents/imageanalysis/seed_color_scripts/manual/imagej_sepa
rate_stack.png, id=266, 1284.8pt x 803.0pt>
File: /Users/ianmcnish/Documents/imageanalysis/seed_color_scripts/manual/imagej
_separate_stack.png Graphic file (type png)

<use /Users/ianmcnish/Documents/imageanalysis/seed_color_scripts/manual/imagej_
separate_stack.png>
Package pdftex.def Info: /Users/ianmcnish/Documents/imageanalysis/seed_color_sc
ripts/manual/imagej_separate_stack.png used on input line 303.
(pdftex.def)             Requested size: 364.19176pt x 227.62204pt.

Underfull \hbox (badness 10000) in paragraph at lines 311--312

 []


</Users/ianmcnish/Documents/imageanalysis/seed_color_scripts/manual/imagej_radi
ometric_calibration.png, id=268, 1284.8pt x 803.0pt>
File: /Users/ianmcnish/Documents/imageanalysis/seed_color_scripts/manual/imagej
_radiometric_calibration.png Graphic file (type png)

<use /Users/ianmcnish/Documents/imageanalysis/seed_color_scripts/manual/imagej_
radiometric_calibration.png>
Package pdftex.def Info: /Users/ianmcnish/Documents/imageanalysis/seed_color_sc
ripts/manual/imagej_radiometric_calibration.png used on input line 315.
(pdftex.def)             Requested size: 364.19176pt x 227.62204pt.

Underfull \hbox (badness 10000) in paragraph at lines 321--322

 []

[12 </Users/ianmcnish/Documents/imageanalysis/seed_color_scripts/manual/imagej_
separate_stack.png> </Users/ianmcnish/Documents/imageanalysis/seed_color_script
s/manual/imagej_radiometric_calibration.png>]
</Users/ianmcnish/Documents/imageanalysis/seed_color_scripts/manual/imagej_mask
.png, id=278, 1433.355pt x 931.48pt>
File: /Users/ianmcnish/Documents/imageanalysis/seed_color_scripts/manual/imagej
_mask.png Graphic file (type png)

<use /Users/ianmcnish/Documents/imageanalysis/seed_color_scripts/manual/imagej_
mask.png>
Package pdftex.def Info: /Users/ianmcnish/Documents/imageanalysis/seed_color_sc
ripts/manual/imagej_mask.png used on input line 325.
(pdftex.def)             Requested size: 350.24553pt x 227.62204pt.

Underfull \hbox (badness 10000) in paragraph at lines 331--332

 []


</Users/ianmcnish/Documents/imageanalysis/seed_color_scripts/manual/imagej_seed
s_identified.png, id=279, 1377.145pt x 875.27pt>
File: /Users/ianmcnish/Documents/imageanalysis/seed_color_scripts/manual/imagej
_seeds_identified.png Graphic file (type png)

<use /Users/ianmcnish/Documents/imageanalysis/seed_color_scripts/manual/imagej_
seeds_identified.png>
Package pdftex.def Info: /Users/ianmcnish/Documents/imageanalysis/seed_color_sc
ripts/manual/imagej_seeds_identified.png used on input line 335.
(pdftex.def)             Requested size: 358.13332pt x 227.62204pt.
 [13 </Users/ianmcnish/Documents/imageanalysis/seed_color_scripts/manual/imagej
_mask.png>] (./seed_color_manual_v01.bbl)
(./seed_color_manual_v01.ind [14 </Users/ianmcnish/Documents/imageanalysis/seed
_color_scripts/manual/imagej_seeds_identified.png>] [15


])
Package atveryend Info: Empty hook `BeforeClearDocument' on input line 356.
Package atveryend Info: Empty hook `AfterLastShipout' on input line 356.

(./seed_color_manual_v01.aux)
Package atveryend Info: Executing hook `AtVeryEndDocument' on input line 356.
Package atveryend Info: Executing hook `AtEndAfterFileList' on input line 356.
Package rerunfilecheck Info: File `seed_color_manual_v01.out' has not changed.
(rerunfilecheck)             Checksum: 6755AAA1BED19869552A4D1E08CECA6A;1708.


LaTeX Warning: There were multiply-defined labels.

Package atveryend Info: Empty hook `AtVeryVeryEnd' on input line 356.
 ) 
Here is how much of TeX's memory you used:
 9469 strings out of 493014
 151248 string characters out of 6133351
 251015 words of memory out of 5000000
 12805 multiletter control sequences out of 15000+600000
 9362 words of font info for 33 fonts, out of 8000000 for 9000
 1141 hyphenation exceptions out of 8191
 36i,11n,43p,714b,918s stack positions out of 5000i,500n,10000p,200000b,80000s
</usr/local/texlive/2016/texmf-dist/fonts/type1/public/amsfonts/cm/cmbx12.pfb
></usr/local/texlive/2016/texmf-dist/fonts/type1/public/amsfonts/cm/cmcsc10.pfb
></usr/local/texlive/2016/texmf-dist/fonts/type1/public/amsfonts/cm/cmr12.pfb><
/usr/local/texlive/2016/texmf-dist/fonts/type1/public/amsfonts/cm/cmr17.pfb></u
sr/local/texlive/2016/texmf-dist/fonts/type1/public/amsfonts/cm/cmsl12.pfb></us
r/local/texlive/2016/texmf-dist/fonts/type1/public/amsfonts/cm/cmsy10.pfb></usr
/local/texlive/2016/texmf-dist/fonts/type1/public/amsfonts/cm/cmti12.pfb></usr/
local/texlive/2016/texmf-dist/fonts/type1/public/amsfonts/cm/cmtt12.pfb>
Output written on seed_color_manual_v01.pdf (17 pages, 28267471 bytes).
PDF statistics:
 362 PDF objects out of 1000 (max. 8388607)
 284 compressed objects within 3 object streams
 81 named destinations out of 1000 (max. 500000)
 313 words of extra memory for PDF output out of 10000 (max. 10000000)

